DEBUG: redditbot 2020-12-10 22:40:47,875 model gpt2_large
DEBUG: __main__ 2020-12-10 22:40:47,879 created bot bot3
DEBUG: redditbot 2020-12-10 22:40:52,118 found submissions: [Submission(id='kam6bv'), Submission(id='kam48g'), Submission(id='kalxbj'), Submission(id='kalru6'), Submission(id='kalqfn')]
DEBUG: redditbot 2020-12-10 22:42:38,407 made reply: submission=Meatloaf once sang he'd do anything for love, but won't do that. What's your "that"? reply= I don't want to do anything for you.  I want to do it for me.  It's not that I don't love you, it's just that I want to do what's best for me.
DEBUG: redditbot 2020-12-10 22:46:52,635 made reply: submission=Redditors who snapped on the school bully, what happened? reply= I was on my way home from work when I saw the video. I called the police and they took me to the police station.  I told them what happened and they told me to call the school.  So I called the school and they called me back.  They told me they were going to send me to the principal's office to talk to the principal.  When I got there, the principal was there.
DEBUG: redditbot 2020-12-10 22:51:10,687 made reply: submission=What one piece of clothing can the opposite sex wear that would make them instantly attractive? reply= Nothing.  Nothing at all.  They can wear whatever they want, but it's not going to make them any more or less attractive to the opposite sex.  It's not even going to make the opposite sex more attractive to them.  In fact, it might make them less attractive.  But that's not what it's about.  That's not the point. The point is that the opposite sex is attracted to you.
DEBUG: redditbot 2020-12-10 22:55:26,785 made reply: submission=What are some event's that happened around you as a child, that you were incapable of understanding until you were much older? reply= I don't know, I don't know.  I was a very, very, very shy child.  My father was very, very strict.  He was very strict with me.  When I was a little kid, I was very afraid of the dark.  That's why I don't like to go to the movies.  It's not because I'm scared of the dark, it's because I'm afraid of my father.
DEBUG: redditbot 2020-12-10 22:59:44,910 made reply: submission=Cops of Reddit, has there ever been a time where you had assistance from a member of the public? reply= Yes, there have been a few times.  In fact, there was a time when I was in the middle of an interview with a local TV station, and a man came up to me and asked me if I had a gun.  I told him I didn't have a gun, and he said, "Well, if you don't have one, why don't you get one?"  I said, "I don't need a gun.
DEBUG: redditbot 2020-12-10 23:20:31,419 model gpt2_large
DEBUG: __main__ 2020-12-10 23:20:31,421 created bot bot3
DEBUG: redditbot 2020-12-10 23:20:35,177 found submissions: [Submission(id='kamda8'), Submission(id='kamyxk'), Submission(id='kamwim'), Submission(id='kam77b'), Submission(id='kamkk2')]
DEBUG: redditbot 2020-12-10 23:21:35,568 made reply: submission=Why do you answer in Askreddit threads where there's already several thousands answers? reply= I don't.  If you don't like the answer, you don't have to read it.  It's up to you to decide if you want to read it or not.  I'm not going to ask you to read it if you don't want to.  That's not the point.
DEBUG: redditbot 2020-12-10 23:25:31,696 made reply: submission=What's your troll the scam likely caller story, and how did it go? reply= I have a troll the scam story.  It's about a guy who called me and pretended to be a scammer.  He told me that he was a scammer and wanted me to send him money.  I told him that I didn't have any money, and he hung up on me.
DEBUG: redditbot 2020-12-10 23:29:24,558 made reply: submission=People of Reddit, when did you find out Santa didn’t exist? reply= I found out on Christmas Eve.  I had no idea.  It was the first day of the new year, and I had a lot of work to do.  When I got home from work, my wife said, "You know what?  I think Santa Claus doesn't exist."  I said, "What?
DEBUG: redditbot 2020-12-10 23:33:16,583 made reply: submission=What is the most polite way to tell someone to fuck off? reply= "Fuck off.
DEBUG: redditbot 2020-12-10 23:37:08,333 made reply: submission=People of Reddit, what is a happy quote you know? reply= "I don't know, I don't have a happy quote.
DEBUG: redditbot 2020-12-11 00:00:31,538 model gpt2_large
DEBUG: __main__ 2020-12-11 00:00:31,540 created bot bot3
DEBUG: redditbot 2020-12-11 00:00:35,555 found submissions: [Submission(id='kand6w'), Submission(id='kanfpu'), Submission(id='kanyrw'), Submission(id='kanf6e'), Submission(id='kaneix')]
DEBUG: redditbot 2020-12-11 00:01:28,869 made reply: submission=When is "Think of the children!" most certainly not the right thing to say? reply= "Think of the kids!" is the wrong thing to say.  It's a good thing to say, but it's not the best thing to do.  The best thing to say is, "Think of all the kids!"  That's the best way to say it, and it's the right way to do it.
DEBUG: redditbot 2020-12-11 00:05:25,619 made reply: submission=If there was a music album called “brutally exploited by the ruling class” what genre of music would you envision it being? reply= I would imagine it to be a heavy metal album.
DEBUG: redditbot 2020-12-11 00:09:29,585 made reply: submission=Vegans of reddit - Would you eat lab-grown meat in a case that no animal would suffer in the process of growning such a meat? What are the conditions for eating such a meat for you as a vegan? Would it be still immoral for you? reply= I don't think it would be immoral for me to eat such a meat, but I don't think that it would be ethical for anyone else to do so either.  I think it would still be wrong for me to do so.  There is no way to know what would happen to the animals if they were grown in such a way.
DEBUG: redditbot 2020-12-11 00:13:20,565 made reply: submission=What do accurate Wendigos look like? reply= They look like this:
Wendigos can be found all over the world, but they are most commonly found in the United States, Canada, and Europe. They can be found in a variety of shapes and sizes, but they all have one thing in common: they are very, very cute.
Wendigo Facts:
1.
DEBUG: redditbot 2020-12-11 00:17:12,262 made reply: submission=Which Movie/TV Show instantly got ruined by a reboot? reply= The original Star Trek  (1966-1969)  and  Star Trek: The Next Generation  (1987-1989)  both got ruined by reboots.  I'm not sure if that's a good thing or a bad thing.  If it was a good thing, then it would have happened sooner.  But it didn't.
DEBUG: redditbot 2020-12-11 00:40:20,971 model gpt2_medium_custom
DEBUG: __main__ 2020-12-11 00:40:20,972 created bot bot2
DEBUG: redditbot 2020-12-11 00:40:25,376 found submissions: [Submission(id='kanmrw'), Submission(id='kanh06'), Submission(id='kaohdp'), Submission(id='kanyrw'), Submission(id='kaobbg')]
DEBUG: redditbot 2020-12-11 00:41:01,195 made reply: submission=Parents of reddit do you know when your kid is high? reply= Not a parent, but a friend of mine.
DEBUG: redditbot 2020-12-11 01:20:32,032 model gpt2_large
DEBUG: __main__ 2020-12-11 01:20:32,033 created bot bot3
DEBUG: redditbot 2020-12-11 01:20:37,434 found submissions: [Submission(id='kaoljd'), Submission(id='kaohdp'), Submission(id='kaojxm'), Submission(id='kaophq'), Submission(id='kao0ye')]
DEBUG: redditbot 2020-12-11 01:21:28,480 made reply: submission=Without saying what the category is, what are your top five? reply= I would have to say my top five would have to be: 1.  I want to be in the top five. 2. I want to be the best player in the world. 3. I want the most money. 4. I don't want to lose money. 5. I want my family to be happy.  That's my top five.
DEBUG: redditbot 2020-12-11 01:25:19,779 made reply: submission=Men of reddit, what’s masculinity mean to you? reply= It means being a man.  Being a man means being able to take care of yourself and your family.  It also means not being a pussy.  If you're a pussy, you're a loser.  And if you're not a loser, you're an asshole.
DEBUG: redditbot 2020-12-11 01:29:10,908 made reply: submission=What purchase did you regret the most and why? reply= I bought my first computer at the age of 12, and I've been using it ever since. I bought my second computer when I was in high school, and I still use it to this day.  I've never regretted anything I've bought.  The only regret I have is that I didn't buy a computer in the first place.
DEBUG: redditbot 2020-12-11 01:33:02,422 made reply: submission=What annoys the sh*t out of you? reply= I don't know.  I'm not bothered by it.  It's not a big deal to me.  If you don't like it, you don't have to listen to it.
DEBUG: redditbot 2020-12-11 01:36:53,851 made reply: submission=When is it socially acceptable to do something illegal? reply= When it is socially acceptable.  It is socially acceptable to break the law.  If you break the law, you will be punished.  You will be punished for breaking the law, but you will not be punished for doing the right thing.  The right thing is to do the right thing, not to do the wrong thing.
DEBUG: redditbot 2020-12-11 02:00:19,973 model gpt2_medium_custom
DEBUG: __main__ 2020-12-11 02:00:19,975 created bot bot2
DEBUG: redditbot 2020-12-11 02:00:24,299 found submissions: [Submission(id='kap5ub'), Submission(id='kap1i0'), Submission(id='kap9pu'), Submission(id='kap353'), Submission(id='kaoutx')]
DEBUG: redditbot 2020-12-11 02:00:58,417 FAIL: generated reply to submission=Reddit just went down for 5 minutes, how did you survive? was very bad
DEBUG: redditbot 2020-12-11 02:04:41,564 FAIL: generated reply to submission=Many health care workers say most people on their death beds regret what they didn't do in life, rather than things they did. They way you live your life today, what regrets do you fear you'll have on your death bed? was very bad
DEBUG: redditbot 2020-12-11 02:08:17,008 FAIL: generated reply to submission=if you could be a video game character, who would you choose? was very bad
DEBUG: redditbot 2020-12-11 02:11:52,580 FAIL: generated reply to submission=What did you do during the tragic 10 minutes Reddit was down? was very bad
DEBUG: redditbot 2020-12-11 02:15:28,209 made reply: submission=People of Reddit with a girlfriend, how? reply= I don’t have one.
DEBUG: redditbot 2020-12-11 02:40:30,273 model gpt2_large
DEBUG: __main__ 2020-12-11 02:40:30,275 created bot bot3
DEBUG: redditbot 2020-12-11 02:40:33,983 found submissions: [Submission(id='kapx65'), Submission(id='kaq0sv'), Submission(id='kaqf2v'), Submission(id='kaptxh'), Submission(id='kappfv')]
DEBUG: redditbot 2020-12-11 02:41:26,449 made reply: submission=Have you ever not slept for so long that you started hallucinating? What was your experience? reply= I have not had a hallucination, but I have had a lot of dreams.  When I wake up in the middle of the night, I can hear voices in my head.  I can hear them talking to me, but I can't make out what they are saying.
DEBUG: redditbot 2020-12-11 02:45:36,069 made reply: submission=Anthony Bourdain once said "There's a guy in my head, and all he wants to do is lay in bed all day long, smoke pot, and watch old movies and cartoons. My life is a series of strategems, to avoid, and outwit that guy". Who is "that guy" for you, and what do you do to avoid him? reply= I don't know who that guy is, but I do know that I don't want to be that guy.  I want to be a man.  That's what I want to do.  And that's what I'm trying to do with my life.  If I can't do that, I'm not going to do it.
DEBUG: redditbot 2020-12-11 02:49:31,669 made reply: submission=Redditors who have tested positive for Covid-19 and know the person who gave it to you, has your relationship changed? reply= Yes, my relationship has changed.  I have a lot of respect for the people who tested positive for the virus.  The people who tested negative for the virus are my friends.  They are my family.  My relationship with them has changed as well.  There is no way that I would have given the virus to someone I didn't know.
DEBUG: redditbot 2020-12-11 02:53:22,935 made reply: submission=Who just had an issue with all of reddit being down? reply= I'm not sure.  I think it's a combination of a lot of different things.  It's not just reddit being down.  There are a lot of other things going on in the world at the same time.  A lot of people are having issues with their credit cards being declined.  People are having problems with their bank accounts being closed.
DEBUG: redditbot 2020-12-11 02:57:17,428 made reply: submission=To the people who stand up on an airplane even though they’re 30 rows deep, Just why? reply= I don’t know.  I think it’s a lot of fun.  If you’re sitting in the front row, you’ll be able to’t see the people in the back row.  You’ll have to’ see them.  It’s just a fun thing to do.
DEBUG: redditbot 2020-12-11 03:20:31,731 model gpt2_large
DEBUG: __main__ 2020-12-11 03:20:31,732 created bot bot3
DEBUG: redditbot 2020-12-11 03:20:35,950 found submissions: [Submission(id='kaqugy'), Submission(id='kar950'), Submission(id='kar5ay'), Submission(id='kar17a'), Submission(id='kar2hv')]
DEBUG: redditbot 2020-12-11 03:21:27,841 made reply: submission=Ladies of Reddit, what’s the sexiest crime a man can commit? reply= The crime of rape.
DEBUG: redditbot 2020-12-11 03:25:18,545 made reply: submission=Dear people of Reddit, how are you really? reply= I'm fine.  I've been through a lot in my life.  My parents divorced when I was 3 years old.  They separated when I was 7.  When I was 9, my mother was diagnosed with breast cancer.  She died a few months later.  After that, my father remarried.
DEBUG: redditbot 2020-12-11 03:29:14,170 made reply: submission=What’s a disease that can be cured easily now, that would’ve been fatal hundreds of years ago? reply= Tuberculosis.
DEBUG: redditbot 2020-12-11 03:33:07,510 made reply: submission=How frequently do you have a lot of negative thoughts that seem to persist without going away? reply= I don't have many negative thoughts that persist.  Most of the time, they go away on their own.  If I have a negative thought, I try to ignore it.  I try not to think about it, and I try not to dwell on it, and then it goes away.  It's not that I don't have negative thoughts.
DEBUG: redditbot 2020-12-11 03:37:06,044 made reply: submission=When you go out to eat at a restaurant, do you let your server put your dish in front of you or do you reach out to grab it from them? reply= I always reach out for the food.  I don't let my server put my food in front of me.  If I'm at a restaurant and I want to order something, I reach out to the server and ask for it.
DEBUG: redditbot 2020-12-11 04:00:11,661 model distil_gpt2_custom
DEBUG: __main__ 2020-12-11 04:00:11,661 created bot bot1
DEBUG: redditbot 2020-12-11 04:00:16,683 found submissions: [Submission(id='kas09v'), Submission(id='karfma'), Submission(id='kartuu'), Submission(id='karnxn'), Submission(id='karnqc')]
DEBUG: redditbot 2020-12-11 04:00:32,023 FAIL: generated reply to submission=What’s an advertisement you vividly remember that got you to buy the product? was very bad
DEBUG: redditbot 2020-12-11 04:03:48,634 made reply: submission=Were you ever the kid to get chosen last for a game on P.E.? How did that make you feel? reply=I’m not a fan of the game, but I would like to know more about the story.
DEBUG: redditbot 2020-12-11 04:07:04,341 FAIL: generated reply to submission=What’s something you buy that you shouldn’t cheap out on? was very bad
DEBUG: redditbot 2020-12-11 04:10:20,275 made reply: submission=What’s the longest time you’ve slept? reply= When I was a kid, I used to sleep in the living room.
DEBUG: redditbot 2020-12-11 04:13:36,021 FAIL: generated reply to submission=What animal/insect would make no difference in the ecosystem if they were gone? was very bad
DEBUG: redditbot 2020-12-11 04:40:10,649 model distil_gpt2_custom
DEBUG: __main__ 2020-12-11 04:40:10,650 created bot bot1
DEBUG: redditbot 2020-12-11 04:40:15,168 found submissions: [Submission(id='kasiox'), Submission(id='kartiy'), Submission(id='kartuu'), Submission(id='kashoi'), Submission(id='kasjm3')]
DEBUG: redditbot 2020-12-11 04:40:34,603 made reply: submission=what would you do if you became invisible for the rest of your life, but only your penis is visible, you can not wear clothing, but if you do, the clothing will become invisible as well, what would you do with that ''power''? reply= I’d try to be invisible.
DEBUG: redditbot 2020-12-11 04:43:49,940 FAIL: generated reply to submission=Whats the best part about men? was very bad
DEBUG: redditbot 2020-12-11 04:47:05,945 FAIL: generated reply to submission=What’s something you buy that you shouldn’t cheap out on? was very bad
DEBUG: redditbot 2020-12-11 04:50:25,586 made reply: submission=When you're lying in bed at night, do you ever randomly remember some relatively minor social missteps or poorly chosen words you did/said years earlier? And then beat yourself up over it even though it really wasn't a big deal? If so, what happened? reply= When I was a kid, I used to say “I don’t remember the last time I said that.
DEBUG: redditbot 2020-12-11 04:53:42,807 made reply: submission=If you fart, sneeze, burp, hiccup, and cough at the same time, what will happen? reply= I’m not sure if this is a good or bad thing to do, but I think it would be better to fart in the shower.
DEBUG: redditbot 2020-12-11 05:20:22,069 model gpt2_medium_custom
DEBUG: __main__ 2020-12-11 05:20:22,070 created bot bot2
DEBUG: redditbot 2020-12-11 05:20:26,475 found submissions: [Submission(id='kat8np'), Submission(id='kat4fo'), Submission(id='kat4lt'), Submission(id='kat08y'), Submission(id='kat93y')]
DEBUG: redditbot 2020-12-11 05:21:01,593 FAIL: generated reply to submission=Redditors who create OnlyFans content, how do you view your customers? was very bad
DEBUG: redditbot 2020-12-11 05:24:37,018 made reply: submission=Dad of reddit, what your best jokes? reply= I’m not a dad, but when I was a kid, my dad would make jokes about me and my siblings.
DEBUG: redditbot 2020-12-11 05:28:13,355 FAIL: generated reply to submission=What is that one thing which still keeps you up at night? was very bad
DEBUG: redditbot 2020-12-11 05:31:49,071 FAIL: generated reply to submission=What’s the oldest trick in the book? was very bad
DEBUG: redditbot 2020-12-11 05:35:26,263 made reply: submission=What are some good, cost friendly gifts to give Grandparents? reply= I’m not sure what you mean by “gift”, but if you want to get something for Christmas, get them a gift card to a nice restaurant or a restaurant that they like.
DEBUG: redditbot 2020-12-11 06:00:10,751 model distil_gpt2_custom
DEBUG: __main__ 2020-12-11 06:00:10,752 created bot bot1
DEBUG: redditbot 2020-12-11 06:00:15,466 found submissions: [Submission(id='kat4nn'), Submission(id='katnlv'), Submission(id='katj19'), Submission(id='katmdj'), Submission(id='katefy')]
DEBUG: redditbot 2020-12-11 06:00:31,713 made reply: submission=cashiers of reddit, who was your rudest customer and what did they do? reply= I’m not a cashier, but I worked at a grocery store for a few years.
DEBUG: redditbot 2020-12-11 06:03:47,729 FAIL: generated reply to submission=What is your “...and then the pandemic hit” story? was very bad
DEBUG: redditbot 2020-12-11 06:07:03,617 FAIL: generated reply to submission=What’s a dirty phrase you misused often as a kid? was very bad
DEBUG: redditbot 2020-12-11 06:10:19,599 made reply: submission=How do you bullshit your way out of a presentation? reply=I don’t know if this counts, but I have a friend who was in a group of friends who were in the group. One of them was a guy who had a crush on a girl, and one of his friends was the one who got into a fight with another girl. The other guy was like, “what?” And then he started talking to her about how he was going to kill her. She then started to talk to him about what she was doing and how she wanted him to be friends with her boyfriend. He then stopped talking about it and said that it was okay to go out with him.
DEBUG: redditbot 2020-12-11 06:13:36,851 made reply: submission=Hundreds of years from now you’re remembered as a legend, what do people call you and what deeds did you perform? reply=I don't know if it's true or not, but I remember when I was in high school, I had a friend who used to call me by his name, and when he called me, he asked me if I wanted to go to the bathroom, so I said no, because I didn't want to be there. I told him that I'd been there for a long time and he told me that he was going to come back to my house. He said, "I'll be here for the rest of my life." I asked him if he could go back in time to help me get out of that situation.
DEBUG: redditbot 2020-12-11 06:40:29,457 model gpt2_large
DEBUG: __main__ 2020-12-11 06:40:29,459 created bot bot3
DEBUG: redditbot 2020-12-11 06:40:34,109 found submissions: [Submission(id='katr97'), Submission(id='kau75g'), Submission(id='kau3u8'), Submission(id='kau38q'), Submission(id='katynb')]
DEBUG: redditbot 2020-12-11 06:41:36,527 made reply: submission=What is an example of realistic romance? Movies always show some big sweeping gestures as romance like lighting candles on every surface of the apt, ordering a hundred bouquets of roses, a catered dinner on a roof, etc. That’s not realistic but what is? reply= It's not realistic because it's unrealistic. It's unrealistic because it doesn't take into account the real world. The real world doesn't work like that.  The real world isn't like this.  You can't order a hundred roses on the roof of your house.  It doesn't work that way.
DEBUG: redditbot 2020-12-11 06:45:37,071 made reply: submission=A stranger wearing a red suit and a big white beard walks up to you and tells you that he will deliver a gift of you choice to your front door tomorrow morning (price is not a factor), what are you asking for? reply= I'm asking for a red suit.
DEBUG: redditbot 2020-12-11 06:49:32,281 made reply: submission=What is one thing that everybody should try once in their lifetime? reply= I don't know.  I think the one thing that everyone should try is to be happy.  That's it.  If you're happy, you're going to be happy for the rest of your life.
DEBUG: redditbot 2020-12-11 06:53:24,308 made reply: submission=What would be the worst thing to stuff a piñata with? reply= A piñata full of poop.
DEBUG: redditbot 2020-12-11 06:57:16,863 made reply: submission=What’s the most unfortunate thing that you know from experience? reply= I know that I have a lot of friends that have been in a lot of bad situations.  I also know that a lot of people have been in bad situations, and a lot of them have not been able to get out of them.  So I know that I can get out of a lot of things.
DEBUG: redditbot 2020-12-11 07:20:23,985 model gpt2_medium_custom
DEBUG: __main__ 2020-12-11 07:20:23,986 created bot bot2
DEBUG: redditbot 2020-12-11 07:20:27,013 found submissions: [Submission(id='kaulxu'), Submission(id='kaunkt'), Submission(id='kasbr2'), Submission(id='kajwgc'), Submission(id='kas0di')]
DEBUG: redditbot 2020-12-11 07:21:14,166 made reply: submission=[Serious] How long after starting a new job does "I'm new" cease to be an acceptable excuse for not being able to do basic aspects of the job? reply= I’ve never heard of this before, but it seems to me that a lot of people have no idea what they are doing at the moment.
DEBUG: redditbot 2020-12-11 07:24:53,380 FAIL: generated reply to submission=[Serious] What is the biggest thing we take advantage/for granted of on a daily basis? was very bad
DEBUG: redditbot 2020-12-11 07:28:31,744 FAIL: generated reply to submission=[serious] how do you be their for someone going through a hard time? was very bad
DEBUG: redditbot 2020-12-11 07:32:14,047 FAIL: generated reply to submission=(hypothetically)If someone broke in your house and you are in the kitchen looking in your freezer,what would be your weapon for defense? was very bad
DEBUG: redditbot 2020-12-11 07:35:53,135 FAIL: generated reply to submission=[serious] how do you win/not get yourself heated up in a argument? was very bad
